<?xml version="1.0" encoding="UTF-8"?>
<robot generator="Robot 7.3.1 (Python 3.12.9 on win32)" generated="2025-06-30T22:36:53.786014" rpa="false" schemaversion="5">
<suite id="s1" name="Login" source="C:\Users\gm589\Desktop\Hortjobi\tests\robot\login.robot">
<test id="s1-t1" name="Login ADM Com Sucesso" line="16">
<kw name="Generate Random String" owner="String">
<msg time="2025-06-30T22:36:54.040894" level="INFO">${RANDOM} = KUduDRgh</msg>
<var>${RANDOM}</var>
<arg>8</arg>
<doc>Generates a string with a desired ``length`` from the given ``chars``.</doc>
<status status="PASS" start="2025-06-30T22:36:54.039382" elapsed="0.001512"/>
</kw>
<kw name="Evaluate" owner="BuiltIn">
<msg time="2025-06-30T22:36:54.040894" level="INFO">${options} = &lt;selenium.webdriver.chrome.options.Options object at 0x0000023800D033B0&gt;</msg>
<var>${options}</var>
<arg>sys.modules['selenium.webdriver'].ChromeOptions()</arg>
<arg>sys</arg>
<doc>Evaluates the given expression in Python and returns the result.</doc>
<status status="PASS" start="2025-06-30T22:36:54.040894" elapsed="0.000000"/>
</kw>
<kw name="Set Variable" owner="BuiltIn">
<msg time="2025-06-30T22:36:54.041913" level="INFO">${user_dir} = --user-data-dir=C:\Users\gm589\AppData\Local\Temp/chrome-profile-KUduDRgh</msg>
<var>${user_dir}</var>
<arg>--user-data-dir=${TEMPDIR}/chrome-profile-${RANDOM}</arg>
<doc>Returns the given values which can then be assigned to a variables.</doc>
<status status="PASS" start="2025-06-30T22:36:54.040894" elapsed="0.001019"/>
</kw>
<kw name="Call Method" owner="BuiltIn">
<arg>${options}</arg>
<arg>add_argument</arg>
<arg>${user_dir}</arg>
<doc>Calls the named method of the given object with the provided arguments.</doc>
<status status="PASS" start="2025-06-30T22:36:54.041913" elapsed="0.000000"/>
</kw>
<kw name="Create Webdriver" owner="SeleniumLibrary">
<msg time="2025-06-30T22:36:54.041913" level="INFO">Creating an instance of the Chrome WebDriver.</msg>
<arg>Chrome</arg>
<arg>options=${options}</arg>
<doc>Creates an instance of Selenium WebDriver.</doc>
<status status="PASS" start="2025-06-30T22:36:54.041913" elapsed="1.043453"/>
</kw>
<kw name="Go To" owner="SeleniumLibrary">
<msg time="2025-06-30T22:36:55.085366" level="FAIL">Variable '${URL}' not found.</msg>
<arg>${URL}/login</arg>
<doc>Navigates the current browser window to the provided ``url``.</doc>
<status status="FAIL" start="2025-06-30T22:36:55.085366" elapsed="0.000000">Variable '${URL}' not found.</status>
</kw>
<kw name="Wait Until Element Is Visible" owner="SeleniumLibrary">
<arg>name=email</arg>
<arg>10s</arg>
<doc>Waits until the element ``locator`` is visible.</doc>
<status status="NOT RUN" start="2025-06-30T22:36:55.086372" elapsed="0.000000"/>
</kw>
<kw name="Input Text" owner="SeleniumLibrary">
<arg>name=email</arg>
<arg>${EMAIL_ADM}</arg>
<doc>Types the given ``text`` into the text field identified by ``locator``.</doc>
<status status="NOT RUN" start="2025-06-30T22:36:55.086372" elapsed="0.000000"/>
</kw>
<kw name="Input Text" owner="SeleniumLibrary">
<arg>name=password</arg>
<arg>${PASS_ADM}</arg>
<doc>Types the given ``text`` into the text field identified by ``locator``.</doc>
<status status="NOT RUN" start="2025-06-30T22:36:55.086372" elapsed="0.000000"/>
</kw>
<kw name="Click Button" owner="SeleniumLibrary">
<arg>Entrar</arg>
<doc>Clicks the button identified by ``locator``.</doc>
<status status="NOT RUN" start="2025-06-30T22:36:55.086372" elapsed="0.000000"/>
</kw>
<kw name="Sleep" owner="BuiltIn">
<arg>2s</arg>
<doc>Pauses the test executed for the given time.</doc>
<status status="NOT RUN" start="2025-06-30T22:36:55.086372" elapsed="0.000000"/>
</kw>
<kw name="Location Should Contain" owner="SeleniumLibrary">
<arg>adm</arg>
<doc>Verifies that the current URL contains ``expected``.</doc>
<status status="NOT RUN" start="2025-06-30T22:36:55.086372" elapsed="0.000000"/>
</kw>
<kw name="Close Browser" owner="SeleniumLibrary">
<doc>Closes the current browser.</doc>
<status status="NOT RUN" start="2025-06-30T22:36:55.086372" elapsed="0.000000"/>
</kw>
<status status="FAIL" start="2025-06-30T22:36:54.039382" elapsed="1.047993">Variable '${URL}' not found.</status>
</test>
<test id="s1-t2" name="Login Com Sucesso" line="31">
<kw name="Generate Random String" owner="String">
<msg time="2025-06-30T22:36:55.088382" level="INFO">${RANDOM} = 2ETQSsF2</msg>
<var>${RANDOM}</var>
<arg>8</arg>
<doc>Generates a string with a desired ``length`` from the given ``chars``.</doc>
<status status="PASS" start="2025-06-30T22:36:55.087375" elapsed="0.001007"/>
</kw>
<kw name="Evaluate" owner="BuiltIn">
<msg time="2025-06-30T22:36:55.088382" level="INFO">${options} = &lt;selenium.webdriver.chrome.options.Options object at 0x0000023800D3C050&gt;</msg>
<var>${options}</var>
<arg>sys.modules['selenium.webdriver'].ChromeOptions()</arg>
<arg>sys</arg>
<doc>Evaluates the given expression in Python and returns the result.</doc>
<status status="PASS" start="2025-06-30T22:36:55.088382" elapsed="0.000000"/>
</kw>
<kw name="Set Variable" owner="BuiltIn">
<msg time="2025-06-30T22:36:55.089380" level="INFO">${user_dir} = --user-data-dir=C:\Users\gm589\AppData\Local\Temp/chrome-profile-2ETQSsF2</msg>
<var>${user_dir}</var>
<arg>--user-data-dir=${TEMPDIR}/chrome-profile-${RANDOM}</arg>
<doc>Returns the given values which can then be assigned to a variables.</doc>
<status status="PASS" start="2025-06-30T22:36:55.089380" elapsed="0.000000"/>
</kw>
<kw name="Call Method" owner="BuiltIn">
<arg>${options}</arg>
<arg>add_argument</arg>
<arg>${user_dir}</arg>
<doc>Calls the named method of the given object with the provided arguments.</doc>
<status status="PASS" start="2025-06-30T22:36:55.089380" elapsed="0.000000"/>
</kw>
<kw name="Create Webdriver" owner="SeleniumLibrary">
<msg time="2025-06-30T22:36:55.089380" level="INFO">Creating an instance of the Chrome WebDriver.</msg>
<arg>Chrome</arg>
<arg>options=${options}</arg>
<doc>Creates an instance of Selenium WebDriver.</doc>
<status status="PASS" start="2025-06-30T22:36:55.089380" elapsed="1.068447"/>
</kw>
<kw name="Go To" owner="SeleniumLibrary">
<msg time="2025-06-30T22:36:56.158824" level="FAIL">Variable '${URL}' not found.</msg>
<arg>${URL}/login</arg>
<doc>Navigates the current browser window to the provided ``url``.</doc>
<status status="FAIL" start="2025-06-30T22:36:56.157827" elapsed="0.000997">Variable '${URL}' not found.</status>
</kw>
<kw name="Wait Until Element Is Visible" owner="SeleniumLibrary">
<arg>name=email</arg>
<arg>10s</arg>
<doc>Waits until the element ``locator`` is visible.</doc>
<status status="NOT RUN" start="2025-06-30T22:36:56.158824" elapsed="0.000000"/>
</kw>
<kw name="Input Text" owner="SeleniumLibrary">
<arg>name=email</arg>
<arg>${EMAIL}</arg>
<doc>Types the given ``text`` into the text field identified by ``locator``.</doc>
<status status="NOT RUN" start="2025-06-30T22:36:56.158824" elapsed="0.000000"/>
</kw>
<kw name="Input Text" owner="SeleniumLibrary">
<arg>name=password</arg>
<arg>${PASS}</arg>
<doc>Types the given ``text`` into the text field identified by ``locator``.</doc>
<status status="NOT RUN" start="2025-06-30T22:36:56.158824" elapsed="0.000000"/>
</kw>
<kw name="Click Button" owner="SeleniumLibrary">
<arg>Entrar</arg>
<doc>Clicks the button identified by ``locator``.</doc>
<status status="NOT RUN" start="2025-06-30T22:36:56.159833" elapsed="0.000000"/>
</kw>
<kw name="Sleep" owner="BuiltIn">
<arg>2s</arg>
<doc>Pauses the test executed for the given time.</doc>
<status status="NOT RUN" start="2025-06-30T22:36:56.159833" elapsed="0.000000"/>
</kw>
<kw name="Page Should Contain" owner="SeleniumLibrary">
<arg>Cadastro de Frutas</arg>
<doc>Verifies that current page contains ``text``.</doc>
<status status="NOT RUN" start="2025-06-30T22:36:56.159833" elapsed="0.000000"/>
</kw>
<kw name="Close Browser" owner="SeleniumLibrary">
<doc>Closes the current browser.</doc>
<status status="NOT RUN" start="2025-06-30T22:36:56.159833" elapsed="0.000000"/>
</kw>
<status status="FAIL" start="2025-06-30T22:36:55.087375" elapsed="1.072458">Variable '${URL}' not found.</status>
</test>
<test id="s1-t3" name="Login com credenciais erradas" line="46">
<kw name="Generate Random String" owner="String">
<msg time="2025-06-30T22:36:56.161822" level="INFO">${RANDOM} = 1fzqTW1O</msg>
<var>${RANDOM}</var>
<arg>8</arg>
<doc>Generates a string with a desired ``length`` from the given ``chars``.</doc>
<status status="PASS" start="2025-06-30T22:36:56.160832" elapsed="0.000990"/>
</kw>
<kw name="Evaluate" owner="BuiltIn">
<msg time="2025-06-30T22:36:56.161822" level="INFO">${options} = &lt;selenium.webdriver.chrome.options.Options object at 0x0000023800D03F80&gt;</msg>
<var>${options}</var>
<arg>sys.modules['selenium.webdriver'].ChromeOptions()</arg>
<arg>sys</arg>
<doc>Evaluates the given expression in Python and returns the result.</doc>
<status status="PASS" start="2025-06-30T22:36:56.161822" elapsed="0.000000"/>
</kw>
<kw name="Set Variable" owner="BuiltIn">
<msg time="2025-06-30T22:36:56.161822" level="INFO">${user_dir} = --user-data-dir=C:\Users\gm589\AppData\Local\Temp/chrome-profile-1fzqTW1O</msg>
<var>${user_dir}</var>
<arg>--user-data-dir=${TEMPDIR}/chrome-profile-${RANDOM}</arg>
<doc>Returns the given values which can then be assigned to a variables.</doc>
<status status="PASS" start="2025-06-30T22:36:56.161822" elapsed="0.000000"/>
</kw>
<kw name="Call Method" owner="BuiltIn">
<arg>${options}</arg>
<arg>add_argument</arg>
<arg>${user_dir}</arg>
<doc>Calls the named method of the given object with the provided arguments.</doc>
<status status="PASS" start="2025-06-30T22:36:56.161822" elapsed="0.000000"/>
</kw>
<kw name="Create Webdriver" owner="SeleniumLibrary">
<msg time="2025-06-30T22:36:56.162821" level="INFO">Creating an instance of the Chrome WebDriver.</msg>
<arg>Chrome</arg>
<arg>options=${options}</arg>
<doc>Creates an instance of Selenium WebDriver.</doc>
<status status="PASS" start="2025-06-30T22:36:56.162821" elapsed="1.049853"/>
</kw>
<kw name="Go To" owner="SeleniumLibrary">
<msg time="2025-06-30T22:36:57.214179" level="FAIL">Variable '${URL}' not found.</msg>
<arg>${URL}/login</arg>
<doc>Navigates the current browser window to the provided ``url``.</doc>
<status status="FAIL" start="2025-06-30T22:36:57.212674" elapsed="0.001505">Variable '${URL}' not found.</status>
</kw>
<kw name="Wait Until Element Is Visible" owner="SeleniumLibrary">
<arg>name=email</arg>
<arg>10s</arg>
<doc>Waits until the element ``locator`` is visible.</doc>
<status status="NOT RUN" start="2025-06-30T22:36:57.214692" elapsed="0.000000"/>
</kw>
<kw name="Input Text" owner="SeleniumLibrary">
<arg>name=email</arg>
<arg>${EMAIL_ERRADO}</arg>
<doc>Types the given ``text`` into the text field identified by ``locator``.</doc>
<status status="NOT RUN" start="2025-06-30T22:36:57.214692" elapsed="0.000000"/>
</kw>
<kw name="Input Text" owner="SeleniumLibrary">
<arg>name=password</arg>
<arg>${PASS_ERRADO}</arg>
<doc>Types the given ``text`` into the text field identified by ``locator``.</doc>
<status status="NOT RUN" start="2025-06-30T22:36:57.214692" elapsed="0.000000"/>
</kw>
<kw name="Click Button" owner="SeleniumLibrary">
<arg>Entrar</arg>
<doc>Clicks the button identified by ``locator``.</doc>
<status status="NOT RUN" start="2025-06-30T22:36:57.214692" elapsed="0.000000"/>
</kw>
<kw name="Sleep" owner="BuiltIn">
<arg>2s</arg>
<doc>Pauses the test executed for the given time.</doc>
<status status="NOT RUN" start="2025-06-30T22:36:57.214692" elapsed="0.000000"/>
</kw>
<kw name="Page Should Contain" owner="SeleniumLibrary">
<arg>Credenciais inválidas.</arg>
<doc>Verifies that current page contains ``text``.</doc>
<status status="NOT RUN" start="2025-06-30T22:36:57.214692" elapsed="0.000000"/>
</kw>
<kw name="Close Browser" owner="SeleniumLibrary">
<doc>Closes the current browser.</doc>
<status status="NOT RUN" start="2025-06-30T22:36:57.215709" elapsed="0.000000"/>
</kw>
<status status="FAIL" start="2025-06-30T22:36:56.160832" elapsed="1.054877">Variable '${URL}' not found.</status>
</test>
<status status="FAIL" start="2025-06-30T22:36:53.786979" elapsed="3.428730"/>
</suite>
<statistics>
<total>
<stat pass="0" fail="3" skip="0">All Tests</stat>
</total>
<tag>
</tag>
<suite>
<stat name="Login" id="s1" pass="0" fail="3" skip="0">Login</stat>
</suite>
</statistics>
<errors>
<msg time="2025-06-30T22:36:54.038383" level="ERROR">Error in file 'C:\Users\gm589\Desktop\Hortjobi\tests\robot\login.robot' on line 6: Setting variable '${URL}' failed: Environment variable '%{URL}' not found.</msg>
</errors>
</robot>
