<?xml version="1.0" encoding="UTF-8"?>
<robot generator="Robot 7.3.1 (Python 3.12.9 on win32)" generated="2025-06-30T22:09:31.404532" rpa="false" schemaversion="5">
<suite id="s1" name="Login" source="C:\Users\gm589\Desktop\Hortjobi\tests\robot\login.robot">
<test id="s1-t1" name="Login ADM Com Sucesso" line="16">
<kw name="Generate Random String" owner="String">
<msg time="2025-06-30T22:09:31.616702" level="INFO">${RANDOM} = ckDk9Lt1</msg>
<var>${RANDOM}</var>
<arg>8</arg>
<doc>Generates a string with a desired ``length`` from the given ``chars``.</doc>
<status status="PASS" start="2025-06-30T22:09:31.616702" elapsed="0.000000"/>
</kw>
<kw name="Evaluate" owner="BuiltIn">
<msg time="2025-06-30T22:09:31.617710" level="INFO">${options} = &lt;selenium.webdriver.chrome.options.Options object at 0x000002055EA236E0&gt;</msg>
<var>${options}</var>
<arg>sys.modules['selenium.webdriver'].ChromeOptions()</arg>
<arg>sys</arg>
<doc>Evaluates the given expression in Python and returns the result.</doc>
<status status="PASS" start="2025-06-30T22:09:31.616702" elapsed="0.001008"/>
</kw>
<kw name="Set Variable" owner="BuiltIn">
<msg time="2025-06-30T22:09:31.617710" level="INFO">${user_dir} = --user-data-dir=C:\Users\gm589\AppData\Local\Temp/chrome-profile-ckDk9Lt1</msg>
<var>${user_dir}</var>
<arg>--user-data-dir=${TEMPDIR}/chrome-profile-${RANDOM}</arg>
<doc>Returns the given values which can then be assigned to a variables.</doc>
<status status="PASS" start="2025-06-30T22:09:31.617710" elapsed="0.000000"/>
</kw>
<kw name="Call Method" owner="BuiltIn">
<arg>${options}</arg>
<arg>add_argument</arg>
<arg>${user_dir}</arg>
<doc>Calls the named method of the given object with the provided arguments.</doc>
<status status="PASS" start="2025-06-30T22:09:31.617710" elapsed="0.000000"/>
</kw>
<kw name="Create Webdriver" owner="SeleniumLibrary">
<msg time="2025-06-30T22:09:31.617710" level="INFO">Creating an instance of the Chrome WebDriver.</msg>
<arg>Chrome</arg>
<arg>options=${options}</arg>
<doc>Creates an instance of Selenium WebDriver.</doc>
<status status="PASS" start="2025-06-30T22:09:31.617710" elapsed="1.138624"/>
</kw>
<kw name="Go To" owner="SeleniumLibrary">
<msg time="2025-06-30T22:09:32.756334" level="INFO">Opening url 'http://localhost:8000/login'</msg>
<arg>${URL}/login</arg>
<doc>Navigates the current browser window to the provided ``url``.</doc>
<status status="PASS" start="2025-06-30T22:09:32.756334" elapsed="0.943532"/>
</kw>
<kw name="Input Text" owner="SeleniumLibrary">
<msg time="2025-06-30T22:09:33.699866" level="INFO">Typing text 'adm@gmail.com' into text field 'name=email'.</msg>
<arg>name=email</arg>
<arg>${EMAIL_ADM}</arg>
<doc>Types the given ``text`` into the text field identified by ``locator``.</doc>
<status status="PASS" start="2025-06-30T22:09:33.699866" elapsed="0.056421"/>
</kw>
<kw name="Input Text" owner="SeleniumLibrary">
<msg time="2025-06-30T22:09:33.756287" level="INFO">Typing text '123456' into text field 'name=password'.</msg>
<arg>name=password</arg>
<arg>${PASS_ADM}</arg>
<doc>Types the given ``text`` into the text field identified by ``locator``.</doc>
<status status="PASS" start="2025-06-30T22:09:33.756287" elapsed="0.043680"/>
</kw>
<kw name="Click Button" owner="SeleniumLibrary">
<msg time="2025-06-30T22:09:33.799967" level="INFO">Clicking button 'Entrar'.</msg>
<arg>Entrar</arg>
<doc>Clicks the button identified by ``locator``.</doc>
<status status="PASS" start="2025-06-30T22:09:33.799967" elapsed="0.048465"/>
</kw>
<kw name="Sleep" owner="BuiltIn">
<msg time="2025-06-30T22:09:35.849031" level="INFO">Slept 2 seconds.</msg>
<arg>2s</arg>
<doc>Pauses the test executed for the given time.</doc>
<status status="PASS" start="2025-06-30T22:09:33.848432" elapsed="2.000599"/>
</kw>
<kw name="Location Should Contain" owner="SeleniumLibrary">
<msg time="2025-06-30T22:09:35.857787" level="INFO">Current location contains 'adm'.</msg>
<arg>adm</arg>
<doc>Verifies that the current URL contains ``expected``.</doc>
<status status="PASS" start="2025-06-30T22:09:35.849031" elapsed="0.008756"/>
</kw>
<kw name="Close Browser" owner="SeleniumLibrary">
<doc>Closes the current browser.</doc>
<status status="PASS" start="2025-06-30T22:09:35.858707" elapsed="2.227153"/>
</kw>
<status status="PASS" start="2025-06-30T22:09:31.615702" elapsed="6.470158"/>
</test>
<test id="s1-t2" name="Login Com Sucesso" line="30">
<kw name="Generate Random String" owner="String">
<msg time="2025-06-30T22:09:38.086867" level="INFO">${RANDOM} = 39I4JbtD</msg>
<var>${RANDOM}</var>
<arg>8</arg>
<doc>Generates a string with a desired ``length`` from the given ``chars``.</doc>
<status status="PASS" start="2025-06-30T22:09:38.086867" elapsed="0.000000"/>
</kw>
<kw name="Evaluate" owner="BuiltIn">
<msg time="2025-06-30T22:09:38.088287" level="INFO">${options} = &lt;selenium.webdriver.chrome.options.Options object at 0x000002055EA5C500&gt;</msg>
<var>${options}</var>
<arg>sys.modules['selenium.webdriver'].ChromeOptions()</arg>
<arg>sys</arg>
<doc>Evaluates the given expression in Python and returns the result.</doc>
<status status="PASS" start="2025-06-30T22:09:38.086867" elapsed="0.001420"/>
</kw>
<kw name="Set Variable" owner="BuiltIn">
<msg time="2025-06-30T22:09:38.088287" level="INFO">${user_dir} = --user-data-dir=C:\Users\gm589\AppData\Local\Temp/chrome-profile-39I4JbtD</msg>
<var>${user_dir}</var>
<arg>--user-data-dir=${TEMPDIR}/chrome-profile-${RANDOM}</arg>
<doc>Returns the given values which can then be assigned to a variables.</doc>
<status status="PASS" start="2025-06-30T22:09:38.088287" elapsed="0.000000"/>
</kw>
<kw name="Call Method" owner="BuiltIn">
<arg>${options}</arg>
<arg>add_argument</arg>
<arg>${user_dir}</arg>
<doc>Calls the named method of the given object with the provided arguments.</doc>
<status status="PASS" start="2025-06-30T22:09:38.088287" elapsed="0.000991"/>
</kw>
<kw name="Create Webdriver" owner="SeleniumLibrary">
<msg time="2025-06-30T22:09:38.089278" level="INFO">Creating an instance of the Chrome WebDriver.</msg>
<arg>Chrome</arg>
<arg>options=${options}</arg>
<doc>Creates an instance of Selenium WebDriver.</doc>
<status status="PASS" start="2025-06-30T22:09:38.089278" elapsed="1.080834"/>
</kw>
<kw name="Go To" owner="SeleniumLibrary">
<msg time="2025-06-30T22:09:39.171120" level="INFO">Opening url 'http://localhost:8000/login'</msg>
<arg>${URL}/login</arg>
<doc>Navigates the current browser window to the provided ``url``.</doc>
<status status="PASS" start="2025-06-30T22:09:39.170112" elapsed="0.978119"/>
</kw>
<kw name="Input Text" owner="SeleniumLibrary">
<msg time="2025-06-30T22:09:40.149235" level="INFO">Typing text 'teste@gmail.com' into text field 'name=email'.</msg>
<arg>name=email</arg>
<arg>${EMAIL}</arg>
<doc>Types the given ``text`` into the text field identified by ``locator``.</doc>
<status status="PASS" start="2025-06-30T22:09:40.148231" elapsed="0.057707"/>
</kw>
<kw name="Input Text" owner="SeleniumLibrary">
<msg time="2025-06-30T22:09:40.205938" level="INFO">Typing text 'teste24' into text field 'name=password'.</msg>
<arg>name=password</arg>
<arg>${PASS}</arg>
<doc>Types the given ``text`` into the text field identified by ``locator``.</doc>
<status status="PASS" start="2025-06-30T22:09:40.205938" elapsed="0.061497"/>
</kw>
<kw name="Click Button" owner="SeleniumLibrary">
<msg time="2025-06-30T22:09:40.267435" level="INFO">Clicking button 'Entrar'.</msg>
<arg>Entrar</arg>
<doc>Clicks the button identified by ``locator``.</doc>
<status status="PASS" start="2025-06-30T22:09:40.267435" elapsed="0.075094"/>
</kw>
<kw name="Sleep" owner="BuiltIn">
<msg time="2025-06-30T22:09:42.344279" level="INFO">Slept 2 seconds.</msg>
<arg>2s</arg>
<doc>Pauses the test executed for the given time.</doc>
<status status="PASS" start="2025-06-30T22:09:40.344036" elapsed="2.000243"/>
</kw>
<kw name="Page Should Contain" owner="SeleniumLibrary">
<msg time="2025-06-30T22:09:42.360137" level="INFO">Current page contains text 'Cadastro de Frutas'.</msg>
<arg>Cadastro de Frutas</arg>
<doc>Verifies that current page contains ``text``.</doc>
<status status="PASS" start="2025-06-30T22:09:42.344279" elapsed="0.015858"/>
</kw>
<kw name="Close Browser" owner="SeleniumLibrary">
<doc>Closes the current browser.</doc>
<status status="PASS" start="2025-06-30T22:09:42.360137" elapsed="2.136137"/>
</kw>
<status status="PASS" start="2025-06-30T22:09:38.086867" elapsed="6.410385"/>
</test>
<test id="s1-t3" name="Login com credenciais erradas" line="44">
<kw name="Generate Random String" owner="String">
<msg time="2025-06-30T22:09:44.499176" level="INFO">${RANDOM} = bFSR2hcl</msg>
<var>${RANDOM}</var>
<arg>8</arg>
<doc>Generates a string with a desired ``length`` from the given ``chars``.</doc>
<status status="PASS" start="2025-06-30T22:09:44.499176" elapsed="0.000000"/>
</kw>
<kw name="Evaluate" owner="BuiltIn">
<msg time="2025-06-30T22:09:44.500175" level="INFO">${options} = &lt;selenium.webdriver.chrome.options.Options object at 0x000002055EA3DEE0&gt;</msg>
<var>${options}</var>
<arg>sys.modules['selenium.webdriver'].ChromeOptions()</arg>
<arg>sys</arg>
<doc>Evaluates the given expression in Python and returns the result.</doc>
<status status="PASS" start="2025-06-30T22:09:44.500175" elapsed="0.000000"/>
</kw>
<kw name="Set Variable" owner="BuiltIn">
<msg time="2025-06-30T22:09:44.500175" level="INFO">${user_dir} = --user-data-dir=C:\Users\gm589\AppData\Local\Temp/chrome-profile-bFSR2hcl</msg>
<var>${user_dir}</var>
<arg>--user-data-dir=${TEMPDIR}/chrome-profile-${RANDOM}</arg>
<doc>Returns the given values which can then be assigned to a variables.</doc>
<status status="PASS" start="2025-06-30T22:09:44.500175" elapsed="0.000000"/>
</kw>
<kw name="Call Method" owner="BuiltIn">
<arg>${options}</arg>
<arg>add_argument</arg>
<arg>${user_dir}</arg>
<doc>Calls the named method of the given object with the provided arguments.</doc>
<status status="PASS" start="2025-06-30T22:09:44.501256" elapsed="0.000000"/>
</kw>
<kw name="Create Webdriver" owner="SeleniumLibrary">
<msg time="2025-06-30T22:09:44.501847" level="INFO">Creating an instance of the Chrome WebDriver.</msg>
<arg>Chrome</arg>
<arg>options=${options}</arg>
<doc>Creates an instance of Selenium WebDriver.</doc>
<status status="PASS" start="2025-06-30T22:09:44.501847" elapsed="1.062019"/>
</kw>
<kw name="Go To" owner="SeleniumLibrary">
<msg time="2025-06-30T22:09:45.563866" level="INFO">Opening url 'http://localhost:8000/login'</msg>
<arg>${URL}/login</arg>
<doc>Navigates the current browser window to the provided ``url``.</doc>
<status status="PASS" start="2025-06-30T22:09:45.563866" elapsed="0.906095"/>
</kw>
<kw name="Input Text" owner="SeleniumLibrary">
<msg time="2025-06-30T22:09:46.469961" level="INFO">Typing text 'errado@gmail.com' into text field 'name=email'.</msg>
<arg>name=email</arg>
<arg>${EMAIL_ERRADO}</arg>
<doc>Types the given ``text`` into the text field identified by ``locator``.</doc>
<status status="PASS" start="2025-06-30T22:09:46.469961" elapsed="0.071894"/>
</kw>
<kw name="Input Text" owner="SeleniumLibrary">
<msg time="2025-06-30T22:09:46.542842" level="INFO">Typing text '15366' into text field 'name=password'.</msg>
<arg>name=password</arg>
<arg>${PASS_ERRADO}</arg>
<doc>Types the given ``text`` into the text field identified by ``locator``.</doc>
<status status="PASS" start="2025-06-30T22:09:46.542842" elapsed="0.043315"/>
</kw>
<kw name="Click Button" owner="SeleniumLibrary">
<msg time="2025-06-30T22:09:46.587158" level="INFO">Clicking button 'Entrar'.</msg>
<arg>Entrar</arg>
<doc>Clicks the button identified by ``locator``.</doc>
<status status="PASS" start="2025-06-30T22:09:46.586157" elapsed="0.046724"/>
</kw>
<kw name="Sleep" owner="BuiltIn">
<msg time="2025-06-30T22:09:48.634318" level="INFO">Slept 2 seconds.</msg>
<arg>2s</arg>
<doc>Pauses the test executed for the given time.</doc>
<status status="PASS" start="2025-06-30T22:09:46.633873" elapsed="2.000445"/>
</kw>
<kw name="Page Should Contain" owner="SeleniumLibrary">
<msg time="2025-06-30T22:09:48.650029" level="INFO">Current page contains text 'Credenciais inválidas.'.</msg>
<arg>Credenciais inválidas.</arg>
<doc>Verifies that current page contains ``text``.</doc>
<status status="PASS" start="2025-06-30T22:09:48.635427" elapsed="0.014602"/>
</kw>
<kw name="Close Browser" owner="SeleniumLibrary">
<doc>Closes the current browser.</doc>
<status status="PASS" start="2025-06-30T22:09:48.650029" elapsed="2.210450"/>
</kw>
<status status="PASS" start="2025-06-30T22:09:44.498262" elapsed="6.362217"/>
</test>
<status status="PASS" start="2025-06-30T22:09:31.405538" elapsed="19.455950"/>
</suite>
<statistics>
<total>
<stat pass="3" fail="0" skip="0">All Tests</stat>
</total>
<tag>
</tag>
<suite>
<stat name="Login" id="s1" pass="3" fail="0" skip="0">Login</stat>
</suite>
</statistics>
<errors>
</errors>
</robot>
